<?xml version="1.0" encoding="UTF-8"?>
<testng-results ignored="0" total="2" passed="2" failed="0" skipped="0">
  <reporter-output>
  </reporter-output>
  <suite started-at="2024-09-27T02:55:42 IST" name="Master Suite" finished-at="2024-09-27T02:56:01 IST" duration-ms="18902">
    <groups>
      <group name="Master">
        <method signature="TC001_AccountRegistrationTest.verify_account_registration()[pri:0, instance:testCases.TC001_AccountRegistrationTest@112f364d]" name="verify_account_registration" class="testCases.TC001_AccountRegistrationTest"/>
        <method signature="TC002_LoginTest.verify_Login()[pri:0, instance:testCases.TC002_LoginTest@241e8ea6]" name="verify_Login" class="testCases.TC002_LoginTest"/>
      </group> <!-- Master -->
      <group name="Regression">
        <method signature="TC002_LoginTest.verify_Login()[pri:0, instance:testCases.TC002_LoginTest@241e8ea6]" name="verify_Login" class="testCases.TC002_LoginTest"/>
      </group> <!-- Regression -->
      <group name="sanity">
        <method signature="TC001_AccountRegistrationTest.verify_account_registration()[pri:0, instance:testCases.TC001_AccountRegistrationTest@112f364d]" name="verify_account_registration" class="testCases.TC001_AccountRegistrationTest"/>
      </group> <!-- sanity -->
    </groups>
    <test started-at="2024-09-27T02:55:42 IST" name="chrome Test" finished-at="2024-09-27T02:56:01 IST" duration-ms="18902">
      <class name="testCases.TC002_LoginTest">
        <test-method is-config="true" signature="setup(java.lang.String,java.lang.String)[pri:0, instance:testCases.TC002_LoginTest@241e8ea6]" started-at="2024-09-27T02:55:54 IST" name="setup" finished-at="2024-09-27T02:55:58 IST" duration-ms="3811" status="PASS">
          <params>
            <param index="0">
              <value>
                <![CDATA[Windows]]>
              </value>
            </param>
            <param index="1">
              <value>
                <![CDATA[chrome]]>
              </value>
            </param>
          </params>
          <reporter-output>
          </reporter-output>
        </test-method> <!-- setup -->
        <test-method signature="verify_Login()[pri:0, instance:testCases.TC002_LoginTest@241e8ea6]" started-at="2024-09-27T02:55:58 IST" name="verify_Login" finished-at="2024-09-27T02:56:01 IST" duration-ms="3171" status="PASS">
          <reporter-output>
          </reporter-output>
        </test-method> <!-- verify_Login -->
        <test-method is-config="true" signature="tearDown()[pri:0, instance:testCases.TC002_LoginTest@241e8ea6]" started-at="2024-09-27T02:56:01 IST" name="tearDown" finished-at="2024-09-27T02:56:01 IST" duration-ms="393" status="PASS">
          <reporter-output>
          </reporter-output>
        </test-method> <!-- tearDown -->
      </class> <!-- testCases.TC002_LoginTest -->
      <class name="testCases.TC001_AccountRegistrationTest">
        <test-method is-config="true" signature="setup(java.lang.String,java.lang.String)[pri:0, instance:testCases.TC001_AccountRegistrationTest@112f364d]" started-at="2024-09-27T02:55:43 IST" name="setup" finished-at="2024-09-27T02:55:49 IST" duration-ms="5776" status="PASS">
          <params>
            <param index="0">
              <value>
                <![CDATA[Windows]]>
              </value>
            </param>
            <param index="1">
              <value>
                <![CDATA[chrome]]>
              </value>
            </param>
          </params>
          <reporter-output>
          </reporter-output>
        </test-method> <!-- setup -->
        <test-method signature="verify_account_registration()[pri:0, instance:testCases.TC001_AccountRegistrationTest@112f364d]" started-at="2024-09-27T02:55:49 IST" name="verify_account_registration" finished-at="2024-09-27T02:55:53 IST" duration-ms="4465" status="PASS">
          <reporter-output>
          </reporter-output>
        </test-method> <!-- verify_account_registration -->
        <test-method is-config="true" signature="tearDown()[pri:0, instance:testCases.TC001_AccountRegistrationTest@112f364d]" started-at="2024-09-27T02:55:53 IST" name="tearDown" finished-at="2024-09-27T02:55:54 IST" duration-ms="386" status="PASS">
          <reporter-output>
          </reporter-output>
        </test-method> <!-- tearDown -->
      </class> <!-- testCases.TC001_AccountRegistrationTest -->
    </test> <!-- chrome Test -->
  </suite> <!-- Master Suite -->
</testng-results>
